<?xml version="1.0" encoding="UTF-8"?>
<testng-results skipped="0" failed="0" ignored="0" total="1" passed="1">
  <reporter-output>
  </reporter-output>
  <suite name="Suite" duration-ms="88633" started-at="2020-09-30T05:29:16Z" finished-at="2020-09-30T05:30:45Z">
    <groups>
      <group name="cucumber">
        <method signature="TestRunner.feature(cucumber.api.testng.CucumberFeatureWrapper)[pri:0, instance:MyRunner.TestRunner@5f2108b5]" name="feature" class="MyRunner.TestRunner"/>
      </group> <!-- cucumber -->
    </groups>
    <test name="Test" duration-ms="88633" started-at="2020-09-30T05:29:16Z" finished-at="2020-09-30T05:30:45Z">
      <class name="MyRunner.TestRunner">
        <test-method status="PASS" signature="setUpClass()[pri:0, instance:MyRunner.TestRunner@5f2108b5]" name="setUpClass" is-config="true" duration-ms="1603" started-at="2020-09-30T05:29:16Z" finished-at="2020-09-30T05:29:18Z">
          <reporter-output>
          </reporter-output>
        </test-method> <!-- setUpClass -->
        <test-method status="PASS" signature="feature(cucumber.api.testng.CucumberFeatureWrapper)[pri:0, instance:MyRunner.TestRunner@5f2108b5]" name="feature" duration-ms="86618" started-at="2020-09-30T05:29:18Z" description="Runs Cucumber Feature" data-provider="features" finished-at="2020-09-30T05:30:45Z">
          <params>
            <param index="0">
              <value>
                <![CDATA[Iphone Search on Flipkart]]>
              </value>
            </param>
          </params>
          <reporter-output>
          </reporter-output>
        </test-method> <!-- feature -->
        <test-method status="PASS" signature="tearDownClass()[pri:0, instance:MyRunner.TestRunner@5f2108b5]" name="tearDownClass" is-config="true" duration-ms="33" started-at="2020-09-30T05:30:45Z" finished-at="2020-09-30T05:30:45Z">
          <reporter-output>
          </reporter-output>
        </test-method> <!-- tearDownClass -->
      </class> <!-- MyRunner.TestRunner -->
    </test> <!-- Test -->
  </suite> <!-- Suite -->
</testng-results>
